<?xml version="1.0" encoding="UTF-8"?>
<!-- Generated by org.testng.reporters.JUnitReportReporter -->
<testsuite skipped="0" hostname="prasu" name="testng.BeforeAndAfter$verifiesTitles" tests="2" failures="0" timestamp="27 Mar 2017 01:52:23 GMT" time="0.015" errors="0">
  <testcase name="title" time="0.010" classname="testng.BeforeAndAfter$verifiesTitles"/>
  <testcase name="verify" time="0.005" classname="testng.BeforeAndAfter$verifiesTitles"/>
</testsuite> <!-- testng.BeforeAndAfter$verifiesTitles -->
