<?xml version="1.0" encoding="UTF-8"?>
<!-- Generated by org.testng.reporters.JUnitReportReporter -->
<testsuite skipped="0" hostname="prasu" name="testng.VerifiesTitles$verifiesTitles" tests="4" failures="0" timestamp="27 Mar 2017 01:20:05 GMT" time="0.015" errors="0">
  <testcase name="verifyTitles" time="0.001" classname="testng.VerifiesTitles$verifiesTitles"/>
  <testcase name="titles" time="0.012" classname="testng.VerifiesTitles$verifiesTitles"/>
  <testcase name="verify" time="0.001" classname="testng.VerifiesTitles$verifiesTitles"/>
  <testcase name="title" time="0.001" classname="testng.VerifiesTitles$verifiesTitles"/>
</testsuite> <!-- testng.VerifiesTitles$verifiesTitles -->
