<?xml version="1.0" encoding="UTF-8"?>
<!-- Generated by org.testng.reporters.JUnitReportReporter -->
<testsuite name="testng.AssertAndVerify" tests="1" time="29.849" ignored="0" failures="0" timestamp="06 Mar 2017 00:49:47 GMT" skipped="0" hostname="prasu" errors="0">
  <testcase name="testMethod" time="29.849" classname="testng.AssertAndVerify"/>
</testsuite> <!-- testng.AssertAndVerify -->
