<?xml version="1.0" encoding="UTF-8"?>
<!-- Generated by org.testng.reporters.JUnitReportReporter -->
<testsuite skipped="0" hostname="prasu" name="testng.VerifyTitles" tests="4" failures="0" timestamp="27 Mar 2017 00:50:01 GMT" time="0.027" errors="0">
  <testcase name="verify" time="0.010" classname="testng.VerifyTitles"/>
  <testcase name="titles" time="0.004" classname="testng.VerifyTitles"/>
  <testcase name="verifyTitles" time="0.011" classname="testng.VerifyTitles"/>
  <testcase name="title" time="0.002" classname="testng.VerifyTitles"/>
</testsuite> <!-- testng.VerifyTitles -->
