<?xml version="1.0" encoding="UTF-8"?>
<!-- Generated by org.testng.reporters.JUnitReportReporter -->
<testsuite skipped="0" hostname="prasu" name="testng.VerifyTitle" tests="1" failures="0" timestamp="23 Mar 2017 07:22:03 GMT" time="58.263" errors="0">
  <testcase name="verifyTitle" time="58.263" classname="testng.VerifyTitle"/>
</testsuite> <!-- testng.VerifyTitle -->
